<?xml version="1.0" encoding="UTF-8"?>
<testng-results skipped="0" failed="0" ignored="0" total="1" passed="1">
  <reporter-output>
  </reporter-output>
  <suite name="Default suite" duration-ms="25027" started-at="2020-05-10T19:08:05Z" finished-at="2020-05-10T19:08:30Z">
    <groups>
    </groups>
    <test name="Default test" duration-ms="25027" started-at="2020-05-10T19:08:05Z" finished-at="2020-05-10T19:08:30Z">
      <class name="Guru99.Day4">
        <test-method status="PASS" signature="setUp()[pri:0, instance:Guru99.Day4@343f4d3d]" name="setUp" is-config="true" duration-ms="13036" started-at="2020-05-10T19:08:05Z" finished-at="2020-05-10T19:08:18Z">
          <reporter-output>
          </reporter-output>
        </test-method> <!-- setUp -->
        <test-method status="PASS" signature="steps()[pri:0, instance:Guru99.Day4@343f4d3d]" name="steps" duration-ms="11077" started-at="2020-05-10T19:08:18Z" finished-at="2020-05-10T19:08:29Z">
          <reporter-output>
          </reporter-output>
        </test-method> <!-- steps -->
        <test-method status="PASS" signature="teadDown()[pri:0, instance:Guru99.Day4@343f4d3d]" name="teadDown" is-config="true" duration-ms="815" started-at="2020-05-10T19:08:29Z" finished-at="2020-05-10T19:08:30Z">
          <reporter-output>
          </reporter-output>
        </test-method> <!-- teadDown -->
      </class> <!-- Guru99.Day4 -->
    </test> <!-- Default test -->
  </suite> <!-- Default suite -->
</testng-results>
